<?xml version="1.0" encoding="UTF-8"?>
<!-- Generated by org.testng.reporters.JUnitXMLReporter -->
<testsuite hostname="SACHINN" ignored="0" name="BankingApp Test in Remote Chrome" tests="1" failures="1" timestamp="12 Feb 2020 14:25:26 GMT" time="21.648" errors="0">
  <testcase name="loginTest" time="6.991" classname="com.inetbanking.testCases.TC_LoginTest_001">
    <failure type="java.lang.AssertionError" message="Unable to click element">
      <![CDATA[java.lang.AssertionError: Unable to click element
at com.inetbanking.testCases.CommonMethods.click(CommonMethods.java:25)
at com.inetbanking.pageObjects.LoginPage.clickSubmit(LoginPage.java:50)
at com.inetbanking.testCases.TC_LoginTest_001.loginTest(TC_LoginTest_001.java:21)
at java.util.concurrent.FutureTask.run(FutureTask.java:266)
at java.util.concurrent.ThreadPoolExecutor.runWorker(ThreadPoolExecutor.java:1142)
at java.util.concurrent.ThreadPoolExecutor$Worker.run(ThreadPoolExecutor.java:617)
at java.lang.Thread.run(Thread.java:745)
... Removed 17 stack frames]]>
    </failure>
  </testcase> <!-- loginTest -->
</testsuite> <!-- BankingApp Test in Remote Chrome -->
