<?xml version="1.0" encoding="UTF-8"?>
<!-- Generated by org.testng.reporters.JUnitXMLReporter -->
<testsuite hostname="SACHINN" ignored="0" name="BankingApp Test in Remote Firefox" tests="2" failures="2" timestamp="12 Feb 2020 13:53:48 GMT" time="67.032" errors="0">
  <testcase name="loginTest" time="4.555" classname="com.inetbanking.testCases.TC_LoginTest_001">
    <failure type="java.lang.AssertionError" message="Unable to click element">
      <![CDATA[java.lang.AssertionError: Unable to click element
at com.inetbanking.testCases.CommonMethods.click(CommonMethods.java:25)
at com.inetbanking.pageObjects.LoginPage.clickSubmit(LoginPage.java:50)
at com.inetbanking.testCases.TC_LoginTest_001.loginTest(TC_LoginTest_001.java:21)
at java.util.concurrent.FutureTask.run(FutureTask.java:266)
at java.util.concurrent.ThreadPoolExecutor.runWorker(ThreadPoolExecutor.java:1142)
at java.util.concurrent.ThreadPoolExecutor$Worker.run(ThreadPoolExecutor.java:617)
at java.lang.Thread.run(Thread.java:745)
... Removed 17 stack frames]]>
    </failure>
  </testcase> <!-- loginTest -->
  <testcase name="loginTest" time="4.567" classname="com.inetbanking.testCases.TC_LoginTest_001">
    <failure type="java.lang.NullPointerException">
      <![CDATA[java.lang.NullPointerException
at com.aventstack.extentreports.ExtentObservable.lambda$saveTest$0(ExtentObservable.java:209)
at com.aventstack.extentreports.ExtentObservable$$Lambda$382/336741256.accept(Unknown Source)
at java.util.ArrayList.forEach(ArrayList.java:1249)
at com.aventstack.extentreports.ExtentObservable.saveTest(ExtentObservable.java:209)
at com.aventstack.extentreports.ExtentReports.createTest(ExtentReports.java:234)
at com.aventstack.extentreports.ExtentReports.createTest(ExtentReports.java:247)
at com.inetbanking.utilities.Reporting.onTestFailure(Reporting.java:59)
at java.util.concurrent.FutureTask.run(FutureTask.java:266)
at java.util.concurrent.ThreadPoolExecutor.runWorker(ThreadPoolExecutor.java:1142)
at java.util.concurrent.ThreadPoolExecutor$Worker.run(ThreadPoolExecutor.java:617)
at java.lang.Thread.run(Thread.java:745)
... Removed 13 stack frames]]>
    </failure>
  </testcase> <!-- loginTest -->
</testsuite> <!-- BankingApp Test in Remote Firefox -->
