<?xml version="1.0" encoding="UTF-8"?>
<!-- Generated by org.testng.reporters.JUnitXMLReporter -->
<testsuite hostname="SACHINN" ignored="0" name="BankingApp Test in IE" tests="1" failures="1" timestamp="13 Feb 2020 09:46:12 GMT" time="19.798" errors="0">
  <testcase name="loginFinance" time="16.384" classname="com.inetbanking.testCases.FivenanceLogin">
    <failure type="java.lang.AssertionError" message="Unable to click element">
      <![CDATA[java.lang.AssertionError: Unable to click element
at com.inetbanking.testCases.CommonMethods.click(CommonMethods.java:25)
at com.inetbanking.pageObjects.FinanceLoginPage.clickLogin(FinanceLoginPage.java:41)
at com.inetbanking.testCases.FivenanceLogin.loginFinance(FivenanceLogin.java:18)
at java.util.concurrent.FutureTask.run(FutureTask.java:266)
at java.util.concurrent.ThreadPoolExecutor.runWorker(ThreadPoolExecutor.java:1142)
at java.util.concurrent.ThreadPoolExecutor$Worker.run(ThreadPoolExecutor.java:617)
at java.lang.Thread.run(Thread.java:745)
... Removed 17 stack frames]]>
    </failure>
  </testcase> <!-- loginFinance -->
</testsuite> <!-- BankingApp Test in IE -->
